<?xml version="1.0" encoding="UTF-8"?>
<testng-results ignored="0" total="4" passed="4" failed="0" skipped="0">
  <reporter-output>
  </reporter-output>
  <suite started-at="2021-09-17T18:37:41 IST" name="Default suite" finished-at="2021-09-17T18:41:37 IST" duration-ms="235845">
    <groups>
    </groups>
    <test started-at="2021-09-17T18:37:41 IST" name="Default test" finished-at="2021-09-17T18:41:37 IST" duration-ms="235845">
      <class name="com.voya.test.LoginTest">
        <test-method is-config="true" signature="setUp()[pri:0, instance:com.voya.test.LoginTest@41c2284a]" started-at="2021-09-17T18:37:41 IST" name="setUp" finished-at="2021-09-17T18:38:29 IST" duration-ms="47567" status="PASS">
          <reporter-output>
          </reporter-output>
        </test-method> <!-- setUp -->
        <test-method signature="checkApplicationDescTest()[pri:0, instance:com.voya.test.LoginTest@41c2284a]" started-at="2021-09-17T18:38:29 IST" name="checkApplicationDescTest" finished-at="2021-09-17T18:38:39 IST" duration-ms="9657" status="PASS">
          <reporter-output>
          </reporter-output>
        </test-method> <!-- checkApplicationDescTest -->
        <test-method is-config="true" signature="tearDown()[pri:0, instance:com.voya.test.LoginTest@41c2284a]" started-at="2021-09-17T18:38:39 IST" name="tearDown" finished-at="2021-09-17T18:38:46 IST" duration-ms="7050" status="PASS">
          <reporter-output>
          </reporter-output>
        </test-method> <!-- tearDown -->
        <test-method is-config="true" signature="setUp()[pri:0, instance:com.voya.test.LoginTest@41c2284a]" started-at="2021-09-17T18:38:46 IST" name="setUp" finished-at="2021-09-17T18:38:56 IST" duration-ms="10171" status="PASS">
          <reporter-output>
          </reporter-output>
        </test-method> <!-- setUp -->
        <test-method signature="checkLoginPageTitleTest()[pri:0, instance:com.voya.test.LoginTest@41c2284a]" started-at="2021-09-17T18:38:56 IST" name="checkLoginPageTitleTest" finished-at="2021-09-17T18:39:03 IST" duration-ms="6881" status="PASS">
          <reporter-output>
          </reporter-output>
        </test-method> <!-- checkLoginPageTitleTest -->
        <test-method is-config="true" signature="tearDown()[pri:0, instance:com.voya.test.LoginTest@41c2284a]" started-at="2021-09-17T18:39:03 IST" name="tearDown" finished-at="2021-09-17T18:39:08 IST" duration-ms="4842" status="PASS">
          <reporter-output>
          </reporter-output>
        </test-method> <!-- tearDown -->
        <test-method is-config="true" signature="setUp()[pri:0, instance:com.voya.test.LoginTest@41c2284a]" started-at="2021-09-17T18:39:08 IST" name="setUp" finished-at="2021-09-17T18:39:21 IST" duration-ms="13632" status="PASS">
          <reporter-output>
          </reporter-output>
        </test-method> <!-- setUp -->
        <test-method signature="invalidCredentialTest()[pri:0, instance:com.voya.test.LoginTest@41c2284a]" started-at="2021-09-17T18:39:21 IST" name="invalidCredentialTest" finished-at="2021-09-17T18:40:36 IST" duration-ms="74737" status="PASS">
          <reporter-output>
          </reporter-output>
        </test-method> <!-- invalidCredentialTest -->
        <test-method is-config="true" signature="tearDown()[pri:0, instance:com.voya.test.LoginTest@41c2284a]" started-at="2021-09-17T18:40:36 IST" name="tearDown" finished-at="2021-09-17T18:40:41 IST" duration-ms="5035" status="PASS">
          <reporter-output>
          </reporter-output>
        </test-method> <!-- tearDown -->
        <test-method is-config="true" signature="setUp()[pri:0, instance:com.voya.test.LoginTest@41c2284a]" started-at="2021-09-17T18:40:41 IST" name="setUp" finished-at="2021-09-17T18:40:51 IST" duration-ms="9690" status="PASS">
          <reporter-output>
          </reporter-output>
        </test-method> <!-- setUp -->
        <test-method signature="validCredentialTest()[pri:0, instance:com.voya.test.LoginTest@41c2284a]" started-at="2021-09-17T18:40:51 IST" name="validCredentialTest" finished-at="2021-09-17T18:41:34 IST" duration-ms="43831" status="PASS">
          <reporter-output>
          </reporter-output>
        </test-method> <!-- validCredentialTest -->
        <test-method is-config="true" signature="tearDown()[pri:0, instance:com.voya.test.LoginTest@41c2284a]" started-at="2021-09-17T18:41:34 IST" name="tearDown" finished-at="2021-09-17T18:41:37 IST" duration-ms="2678" status="PASS">
          <reporter-output>
          </reporter-output>
        </test-method> <!-- tearDown -->
      </class> <!-- com.voya.test.LoginTest -->
    </test> <!-- Default test -->
  </suite> <!-- Default suite -->
</testng-results>
