<?xml version="1.0" encoding="UTF-8"?>
<!-- Generated by org.testng.reporters.JUnitXMLReporter -->
<testsuite ignored="0" hostname="DESKTOP-81ARGGN" failures="0" tests="4" name="Default test" time="235.845" errors="0" timestamp="2021-09-17T18:41:37 IST">
  <testcase classname="com.voya.test.LoginTest" name="checkApplicationDescTest" time="9.657"/>
  <testcase classname="com.voya.test.LoginTest" name="checkLoginPageTitleTest" time="6.881"/>
  <testcase classname="com.voya.test.LoginTest" name="invalidCredentialTest" time="74.737"/>
  <testcase classname="com.voya.test.LoginTest" name="validCredentialTest" time="43.831"/>
</testsuite> <!-- Default test -->
