<?xml version="1.0" encoding="UTF-8"?>
<!-- Generated by org.testng.reporters.JUnitXMLReporter -->
<testsuite ignored="0" hostname="DESKTOP-81ARGGN" failures="0" tests="4" name="Default test" time="36.887" errors="0" timestamp="2021-09-16T19:19:29 IST">
  <testcase classname="com.voya.test.LoginTest" name="checkApplicationDescTest" time="0.075"/>
  <testcase classname="com.voya.test.LoginTest" name="checkLoginPageTitleTest" time="0.047"/>
  <testcase classname="com.voya.test.LoginTest" name="invalidCredentialTest" time="1.445"/>
  <testcase classname="com.voya.test.LoginTest" name="validCredentialTest" time="3.862"/>
</testsuite> <!-- Default test -->
